<?xml version="1.0" encoding="UTF-8"?>
<testsuite xmlns:xsi="http://www.w3.org/2001/XMLSchema-instance" xsi:noNamespaceSchemaLocation="https://maven.apache.org/surefire/maven-surefire-plugin/xsd/surefire-test-report-3.0.xsd" version="3.0" name="JDrawingFrameTest" time="0.076" tests="1" errors="1" skipped="0" failures="0">
  <properties>
[...]
</properties>
  <testcase name="testSetDrawnShapes" classname="JDrawingFrameTest" time="0.075">
    <error type="java.lang.NullPointerException"><![CDATA[java.lang.NullPointerException: Cannot invoke "java.net.URL.toExternalForm()" because "location" is null
	at JDrawingFrameTest.testSetDrawnShapes(JDrawingFrameTest.java:15)
]]></error>
  </testcase>
</testsuite>